`torch_dtype` is deprecated! Use `dtype` instead!
The following generation flags are not valid and may be ignored: ['output_hidden_states']. Set `TRANSFORMERS_VERBOSITY=info` for more details.
The fast path is not available because one of `(selective_state_update, causal_conv1d_fn, causal_conv1d_update)` is None. Falling back to the naive implementation. To install follow https://github.com/state-spaces/mamba/#installation and https://github.com/Dao-AILab/causal-conv1d

========== FALCON_34B: tiiuae/Falcon-H1-34B-Instruct ==========
Loading checkpoint shards:   0%|          | 0/14 [00:00<?, ?it/s]Loading checkpoint shards:   7%|▋         | 1/14 [00:17<03:52, 17.92s/it]Loading checkpoint shards:  14%|█▍        | 2/14 [00:31<03:05, 15.46s/it]Loading checkpoint shards:  21%|██▏       | 3/14 [00:42<02:26, 13.36s/it]Loading checkpoint shards:  29%|██▊       | 4/14 [00:54<02:07, 12.80s/it]Loading checkpoint shards:  36%|███▌      | 5/14 [01:08<02:00, 13.37s/it]Loading checkpoint shards:  43%|████▎     | 6/14 [01:22<01:48, 13.56s/it]Loading checkpoint shards:  50%|█████     | 7/14 [01:33<01:27, 12.54s/it]Loading checkpoint shards:  57%|█████▋    | 8/14 [01:49<01:23, 13.89s/it]Loading checkpoint shards:  64%|██████▍   | 9/14 [02:02<01:07, 13.55s/it]Loading checkpoint shards:  71%|███████▏  | 10/14 [02:17<00:55, 13.96s/it]Loading checkpoint shards:  79%|███████▊  | 11/14 [02:31<00:41, 13.83s/it]Loading checkpoint shards:  86%|████████▌ | 12/14 [02:47<00:29, 14.71s/it]Loading checkpoint shards:  93%|█████████▎| 13/14 [03:01<00:14, 14.25s/it]Loading checkpoint shards: 100%|██████████| 14/14 [03:01<00:00, 10.13s/it]Loading checkpoint shards: 100%|██████████| 14/14 [03:01<00:00, 12.98s/it]
Some parameters are on the meta device because they were offloaded to the cpu.
Layers: 73 | Width: 5120
  [Progress] Starting stream for 4000 samples (4000 batches)...
    Processing batch 100/4000... (Total NaN found: 0, Rate: 0.0000%)
    Processing batch 200/4000... (Total NaN found: 0, Rate: 0.0000%)
    Processing batch 300/4000... (Total NaN found: 0, Rate: 0.0000%)
    Processing batch 400/4000... (Total NaN found: 0, Rate: 0.0000%)
    Processing batch 500/4000... (Total NaN found: 0, Rate: 0.0000%)
    Processing batch 600/4000... (Total NaN found: 0, Rate: 0.0000%)
    Processing batch 700/4000... (Total NaN found: 0, Rate: 0.0000%)
    Processing batch 800/4000... (Total NaN found: 0, Rate: 0.0000%)
    Processing batch 900/4000... (Total NaN found: 0, Rate: 0.0000%)
    Processing batch 1000/4000... (Total NaN found: 0, Rate: 0.0000%)
    Processing batch 1100/4000... (Total NaN found: 0, Rate: 0.0000%)
    Processing batch 1200/4000... (Total NaN found: 0, Rate: 0.0000%)
    Processing batch 1300/4000... (Total NaN found: 0, Rate: 0.0000%)
    Processing batch 1400/4000... (Total NaN found: 0, Rate: 0.0000%)
    Processing batch 1500/4000... (Total NaN found: 0, Rate: 0.0000%)
    Processing batch 1600/4000... (Total NaN found: 0, Rate: 0.0000%)
    Processing batch 1700/4000... (Total NaN found: 0, Rate: 0.0000%)
    Processing batch 1800/4000... (Total NaN found: 0, Rate: 0.0000%)
    Processing batch 1900/4000... (Total NaN found: 0, Rate: 0.0000%)
    Processing batch 2000/4000... (Total NaN found: 0, Rate: 0.0000%)
    Processing batch 2100/4000... (Total NaN found: 0, Rate: 0.0000%)
    Processing batch 2200/4000... (Total NaN found: 0, Rate: 0.0000%)
    Processing batch 2300/4000... (Total NaN found: 0, Rate: 0.0000%)
    Processing batch 2400/4000... (Total NaN found: 0, Rate: 0.0000%)
    Processing batch 2500/4000... (Total NaN found: 0, Rate: 0.0000%)
    Processing batch 2600/4000... (Total NaN found: 0, Rate: 0.0000%)
    Processing batch 2700/4000... (Total NaN found: 0, Rate: 0.0000%)
    Processing batch 2800/4000... (Total NaN found: 0, Rate: 0.0000%)
    Processing batch 2900/4000... (Total NaN found: 0, Rate: 0.0000%)
    Processing batch 3000/4000... (Total NaN found: 0, Rate: 0.0000%)
    Processing batch 3100/4000... (Total NaN found: 0, Rate: 0.0000%)
    Processing batch 3200/4000... (Total NaN found: 0, Rate: 0.0000%)
    Processing batch 3300/4000... (Total NaN found: 0, Rate: 0.0000%)
    Processing batch 3400/4000... (Total NaN found: 0, Rate: 0.0000%)
    Processing batch 3500/4000... (Total NaN found: 0, Rate: 0.0000%)
    Processing batch 3600/4000... (Total NaN found: 0, Rate: 0.0000%)
    Processing batch 3700/4000... (Total NaN found: 0, Rate: 0.0000%)
    Processing batch 3800/4000... (Total NaN found: 0, Rate: 0.0000%)
    Processing batch 3900/4000... (Total NaN found: 0, Rate: 0.0000%)
    Processing batch 4000/4000... (Total NaN found: 0, Rate: 0.0000%)
  [Progress] Starting stream for 4000 samples (4000 batches)...
    Processing batch 100/4000... (Total NaN found: 0, Rate: 0.0000%)
    Processing batch 200/4000... (Total NaN found: 0, Rate: 0.0000%)
    Processing batch 300/4000... (Total NaN found: 0, Rate: 0.0000%)
    Processing batch 400/4000... (Total NaN found: 0, Rate: 0.0000%)
    Processing batch 500/4000... (Total NaN found: 0, Rate: 0.0000%)
    Processing batch 600/4000... (Total NaN found: 0, Rate: 0.0000%)
    Processing batch 700/4000... (Total NaN found: 0, Rate: 0.0000%)
    Processing batch 800/4000... (Total NaN found: 0, Rate: 0.0000%)
    Processing batch 900/4000... (Total NaN found: 0, Rate: 0.0000%)
    Processing batch 1000/4000... (Total NaN found: 0, Rate: 0.0000%)
    Processing batch 1100/4000... (Total NaN found: 0, Rate: 0.0000%)
    Processing batch 1200/4000... (Total NaN found: 0, Rate: 0.0000%)
    Processing batch 1300/4000... (Total NaN found: 0, Rate: 0.0000%)
    Processing batch 1400/4000... (Total NaN found: 0, Rate: 0.0000%)
    Processing batch 1500/4000... (Total NaN found: 0, Rate: 0.0000%)
    Processing batch 1600/4000... (Total NaN found: 0, Rate: 0.0000%)
    Processing batch 1700/4000... (Total NaN found: 0, Rate: 0.0000%)
    Processing batch 1800/4000... (Total NaN found: 0, Rate: 0.0000%)
    Processing batch 1900/4000... (Total NaN found: 0, Rate: 0.0000%)
    Processing batch 2000/4000... (Total NaN found: 0, Rate: 0.0000%)
    Processing batch 2100/4000... (Total NaN found: 0, Rate: 0.0000%)
    Processing batch 2200/4000... (Total NaN found: 0, Rate: 0.0000%)
    Processing batch 2300/4000... (Total NaN found: 0, Rate: 0.0000%)
    Processing batch 2400/4000... (Total NaN found: 0, Rate: 0.0000%)
    Processing batch 2500/4000... (Total NaN found: 0, Rate: 0.0000%)
    Processing batch 2600/4000... (Total NaN found: 0, Rate: 0.0000%)
    Processing batch 2700/4000... (Total NaN found: 0, Rate: 0.0000%)
    Processing batch 2800/4000... (Total NaN found: 0, Rate: 0.0000%)
    Processing batch 2900/4000... (Total NaN found: 0, Rate: 0.0000%)
    Processing batch 3000/4000... (Total NaN found: 0, Rate: 0.0000%)
    Processing batch 3100/4000... (Total NaN found: 0, Rate: 0.0000%)
    Processing batch 3200/4000... (Total NaN found: 0, Rate: 0.0000%)
    Processing batch 3300/4000... (Total NaN found: 0, Rate: 0.0000%)
    Processing batch 3400/4000... (Total NaN found: 0, Rate: 0.0000%)
    Processing batch 3500/4000... (Total NaN found: 0, Rate: 0.0000%)
    Processing batch 3600/4000... (Total NaN found: 0, Rate: 0.0000%)
    Processing batch 3700/4000... (Total NaN found: 0, Rate: 0.0000%)
    Processing batch 3800/4000... (Total NaN found: 0, Rate: 0.0000%)
    Processing batch 3900/4000... (Total NaN found: 0, Rate: 0.0000%)
    Processing batch 4000/4000... (Total NaN found: 0, Rate: 0.0000%)
  [Progress] Starting stream for 1500 samples (1500 batches)...
    Processing batch 100/1500... (Total NaN found: 0, Rate: 0.0000%)
    Processing batch 200/1500... (Total NaN found: 0, Rate: 0.0000%)
    Processing batch 300/1500... (Total NaN found: 0, Rate: 0.0000%)
    Processing batch 400/1500... (Total NaN found: 0, Rate: 0.0000%)
    Processing batch 500/1500... (Total NaN found: 0, Rate: 0.0000%)
    Processing batch 600/1500... (Total NaN found: 0, Rate: 0.0000%)
    Processing batch 700/1500... (Total NaN found: 0, Rate: 0.0000%)
    Processing batch 800/1500... (Total NaN found: 0, Rate: 0.0000%)
    Processing batch 900/1500... (Total NaN found: 0, Rate: 0.0000%)
    Processing batch 1000/1500... (Total NaN found: 0, Rate: 0.0000%)
    Processing batch 1100/1500... (Total NaN found: 0, Rate: 0.0000%)
    Processing batch 1200/1500... (Total NaN found: 0, Rate: 0.0000%)
    Processing batch 1300/1500... (Total NaN found: 0, Rate: 0.0000%)
    Processing batch 1400/1500... (Total NaN found: 0, Rate: 0.0000%)
    Processing batch 1500/1500... (Total NaN found: 0, Rate: 0.0000%)
Eval[digits_paraphrase] best layer 16 acc=0.895
  [Progress] Starting stream for 1500 samples (1500 batches)...
    Processing batch 100/1500... (Total NaN found: 0, Rate: 0.0000%)
    Processing batch 200/1500... (Total NaN found: 0, Rate: 0.0000%)
    Processing batch 300/1500... (Total NaN found: 0, Rate: 0.0000%)
    Processing batch 400/1500... (Total NaN found: 0, Rate: 0.0000%)
    Processing batch 500/1500... (Total NaN found: 0, Rate: 0.0000%)
    Processing batch 600/1500... (Total NaN found: 0, Rate: 0.0000%)
    Processing batch 700/1500... (Total NaN found: 0, Rate: 0.0000%)
    Processing batch 800/1500... (Total NaN found: 0, Rate: 0.0000%)
    Processing batch 900/1500... (Total NaN found: 0, Rate: 0.0000%)
    Processing batch 1000/1500... (Total NaN found: 0, Rate: 0.0000%)
    Processing batch 1100/1500... (Total NaN found: 0, Rate: 0.0000%)
    Processing batch 1200/1500... (Total NaN found: 0, Rate: 0.0000%)
    Processing batch 1300/1500... (Total NaN found: 0, Rate: 0.0000%)
    Processing batch 1400/1500... (Total NaN found: 0, Rate: 0.0000%)
    Processing batch 1500/1500... (Total NaN found: 0, Rate: 0.0000%)
  [Progress] Starting stream for 1500 samples (1500 batches)...
    Processing batch 100/1500... (Total NaN found: 0, Rate: 0.0000%)
    Processing batch 200/1500... (Total NaN found: 0, Rate: 0.0000%)
    Processing batch 300/1500... (Total NaN found: 0, Rate: 0.0000%)
    Processing batch 400/1500... (Total NaN found: 0, Rate: 0.0000%)
    Processing batch 500/1500... (Total NaN found: 0, Rate: 0.0000%)
    Processing batch 600/1500... (Total NaN found: 0, Rate: 0.0000%)
    Processing batch 700/1500... (Total NaN found: 0, Rate: 0.0000%)
    Processing batch 800/1500... (Total NaN found: 0, Rate: 0.0000%)
    Processing batch 900/1500... (Total NaN found: 0, Rate: 0.0000%)
    Processing batch 1000/1500... (Total NaN found: 0, Rate: 0.0000%)
    Processing batch 1100/1500... (Total NaN found: 0, Rate: 0.0000%)
    Processing batch 1200/1500... (Total NaN found: 0, Rate: 0.0000%)
    Processing batch 1300/1500... (Total NaN found: 0, Rate: 0.0000%)
    Processing batch 1400/1500... (Total NaN found: 0, Rate: 0.0000%)
    Processing batch 1500/1500... (Total NaN found: 0, Rate: 0.0000%)
Eval[words] best layer 8 acc=0.659
  [Progress] Starting stream for 1500 samples (1500 batches)...
    Processing batch 100/1500... (Total NaN found: 0, Rate: 0.0000%)
    Processing batch 200/1500... (Total NaN found: 0, Rate: 0.0000%)
    Processing batch 300/1500... (Total NaN found: 0, Rate: 0.0000%)
    Processing batch 400/1500... (Total NaN found: 0, Rate: 0.0000%)
    Processing batch 500/1500... (Total NaN found: 0, Rate: 0.0000%)
    Processing batch 600/1500... (Total NaN found: 0, Rate: 0.0000%)
    Processing batch 700/1500... (Total NaN found: 0, Rate: 0.0000%)
    Processing batch 800/1500... (Total NaN found: 0, Rate: 0.0000%)
    Processing batch 900/1500... (Total NaN found: 0, Rate: 0.0000%)
    Processing batch 1000/1500... (Total NaN found: 0, Rate: 0.0000%)
    Processing batch 1100/1500... (Total NaN found: 0, Rate: 0.0000%)
    Processing batch 1200/1500... (Total NaN found: 0, Rate: 0.0000%)
    Processing batch 1300/1500... (Total NaN found: 0, Rate: 0.0000%)
    Processing batch 1400/1500... (Total NaN found: 0, Rate: 0.0000%)
    Processing batch 1500/1500... (Total NaN found: 0, Rate: 0.0000%)
